<?xml version="1.0" encoding="UTF-8"?>
<testsuite xmlns:xsi="http://www.w3.org/2001/XMLSchema-instance" xsi:noNamespaceSchemaLocation="https://maven.apache.org/surefire/maven-surefire-plugin/xsd/surefire-test-report.xsd" name="edu.postech.csed332.homework4.ExpRandomTest" time="0.382" tests="4" errors="0" skipped="0" failures="3">
  <properties>
    <property name="sun.desktop" value="windows"/>
    <property name="awt.toolkit" value="sun.awt.windows.WToolkit"/>
    <property name="java.specification.version" value="12"/>
    <property name="sun.cpu.isalist" value="amd64"/>
    <property name="sun.jnu.encoding" value="Cp1252"/>
    <property name="java.class.path" value="D:\Documents\Course Notes\Software Design Methods\homework4\homework4\target\test-classes;D:\Documents\Course Notes\Software Design Methods\homework4\homework4\target\classes;C:\Users\louis\.m2\repository\org\jetbrains\annotations\17.0.0\annotations-17.0.0.jar;C:\Users\louis\.m2\repository\org\antlr\antlr4-runtime\4.7.2\antlr4-runtime-4.7.2.jar;C:\Users\louis\.m2\repository\org\junit\jupiter\junit-jupiter\5.5.2\junit-jupiter-5.5.2.jar;C:\Users\louis\.m2\repository\org\junit\jupiter\junit-jupiter-api\5.5.2\junit-jupiter-api-5.5.2.jar;C:\Users\louis\.m2\repository\org\opentest4j\opentest4j\1.2.0\opentest4j-1.2.0.jar;C:\Users\louis\.m2\repository\org\junit\platform\junit-platform-commons\1.5.2\junit-platform-commons-1.5.2.jar;C:\Users\louis\.m2\repository\org\junit\jupiter\junit-jupiter-params\5.5.2\junit-jupiter-params-5.5.2.jar;C:\Users\louis\.m2\repository\org\junit\jupiter\junit-jupiter-engine\5.5.2\junit-jupiter-engine-5.5.2.jar;C:\Users\louis\.m2\repository\org\junit\vintage\junit-vintage-engine\5.5.2\junit-vintage-engine-5.5.2.jar;C:\Users\louis\.m2\repository\org\apiguardian\apiguardian-api\1.1.0\apiguardian-api-1.1.0.jar;C:\Users\louis\.m2\repository\org\junit\platform\junit-platform-engine\1.5.2\junit-platform-engine-1.5.2.jar;C:\Users\louis\.m2\repository\junit\junit\4.12\junit-4.12.jar;C:\Users\louis\.m2\repository\com\pholser\junit-quickcheck-core\0.9\junit-quickcheck-core-0.9.jar;C:\Users\louis\.m2\repository\org\hamcrest\hamcrest-core\1.3\hamcrest-core-1.3.jar;C:\Users\louis\.m2\repository\org\javaruntype\javaruntype\1.3\javaruntype-1.3.jar;C:\Users\louis\.m2\repository\org\antlr\antlr-runtime\3.1.2\antlr-runtime-3.1.2.jar;C:\Users\louis\.m2\repository\ognl\ognl\3.1.12\ognl-3.1.12.jar;C:\Users\louis\.m2\repository\org\javassist\javassist\3.20.0-GA\javassist-3.20.0-GA.jar;C:\Users\louis\.m2\repository\ru\vyarus\generics-resolver\2.0.1\generics-resolver-2.0.1.jar;C:\Users\louis\.m2\repository\org\slf4j\slf4j-api\1.7.25\slf4j-api-1.7.25.jar;C:\Users\louis\.m2\repository\com\pholser\junit-quickcheck-generators\0.9\junit-quickcheck-generators-0.9.jar;C:\Users\louis\.m2\repository\com\fathzer\javaluator\3.0.3\javaluator-3.0.3.jar;C:\Users\louis\.m2\repository\org\slf4j\slf4j-simple\1.7.28\slf4j-simple-1.7.28.jar;"/>
    <property name="java.vm.vendor" value="Oracle Corporation"/>
    <property name="sun.arch.data.model" value="64"/>
    <property name="user.variant" value=""/>
    <property name="java.vendor.url" value="https://java.oracle.com/"/>
    <property name="user.timezone" value="Asia/Seoul"/>
    <property name="os.name" value="Windows 10"/>
    <property name="java.vm.specification.version" value="12"/>
    <property name="sun.java.launcher" value="SUN_STANDARD"/>
    <property name="user.country" value="GB"/>
    <property name="sun.boot.library.path" value="D:\Program files\JavaDK\bin"/>
    <property name="sun.java.command" value="C:\Users\louis\AppData\Local\Temp\surefire10005800880429404944\surefirebooter11411155167858024052.jar C:\Users\louis\AppData\Local\Temp\surefire10005800880429404944 2019-10-18T19-44-35_278-jvmRun1 surefire6468923876783253865tmp surefire_0230434777566492786tmp"/>
    <property name="jdk.debug" value="release"/>
    <property name="surefire.test.class.path" value="D:\Documents\Course Notes\Software Design Methods\homework4\homework4\target\test-classes;D:\Documents\Course Notes\Software Design Methods\homework4\homework4\target\classes;C:\Users\louis\.m2\repository\org\jetbrains\annotations\17.0.0\annotations-17.0.0.jar;C:\Users\louis\.m2\repository\org\antlr\antlr4-runtime\4.7.2\antlr4-runtime-4.7.2.jar;C:\Users\louis\.m2\repository\org\junit\jupiter\junit-jupiter\5.5.2\junit-jupiter-5.5.2.jar;C:\Users\louis\.m2\repository\org\junit\jupiter\junit-jupiter-api\5.5.2\junit-jupiter-api-5.5.2.jar;C:\Users\louis\.m2\repository\org\opentest4j\opentest4j\1.2.0\opentest4j-1.2.0.jar;C:\Users\louis\.m2\repository\org\junit\platform\junit-platform-commons\1.5.2\junit-platform-commons-1.5.2.jar;C:\Users\louis\.m2\repository\org\junit\jupiter\junit-jupiter-params\5.5.2\junit-jupiter-params-5.5.2.jar;C:\Users\louis\.m2\repository\org\junit\jupiter\junit-jupiter-engine\5.5.2\junit-jupiter-engine-5.5.2.jar;C:\Users\louis\.m2\repository\org\junit\vintage\junit-vintage-engine\5.5.2\junit-vintage-engine-5.5.2.jar;C:\Users\louis\.m2\repository\org\apiguardian\apiguardian-api\1.1.0\apiguardian-api-1.1.0.jar;C:\Users\louis\.m2\repository\org\junit\platform\junit-platform-engine\1.5.2\junit-platform-engine-1.5.2.jar;C:\Users\louis\.m2\repository\junit\junit\4.12\junit-4.12.jar;C:\Users\louis\.m2\repository\com\pholser\junit-quickcheck-core\0.9\junit-quickcheck-core-0.9.jar;C:\Users\louis\.m2\repository\org\hamcrest\hamcrest-core\1.3\hamcrest-core-1.3.jar;C:\Users\louis\.m2\repository\org\javaruntype\javaruntype\1.3\javaruntype-1.3.jar;C:\Users\louis\.m2\repository\org\antlr\antlr-runtime\3.1.2\antlr-runtime-3.1.2.jar;C:\Users\louis\.m2\repository\ognl\ognl\3.1.12\ognl-3.1.12.jar;C:\Users\louis\.m2\repository\org\javassist\javassist\3.20.0-GA\javassist-3.20.0-GA.jar;C:\Users\louis\.m2\repository\ru\vyarus\generics-resolver\2.0.1\generics-resolver-2.0.1.jar;C:\Users\louis\.m2\repository\org\slf4j\slf4j-api\1.7.25\slf4j-api-1.7.25.jar;C:\Users\louis\.m2\repository\com\pholser\junit-quickcheck-generators\0.9\junit-quickcheck-generators-0.9.jar;C:\Users\louis\.m2\repository\com\fathzer\javaluator\3.0.3\javaluator-3.0.3.jar;C:\Users\louis\.m2\repository\org\slf4j\slf4j-simple\1.7.28\slf4j-simple-1.7.28.jar;"/>
    <property name="sun.cpu.endian" value="little"/>
    <property name="user.home" value="C:\Users\louis"/>
    <property name="user.language" value="en"/>
    <property name="java.specification.vendor" value="Oracle Corporation"/>
    <property name="java.version.date" value="2019-07-16"/>
    <property name="java.home" value="D:\Program files\JavaDK"/>
    <property name="file.separator" value="\"/>
    <property name="basedir" value="D:\Documents\Course Notes\Software Design Methods\homework4\homework4"/>
    <property name="java.vm.compressedOopsMode" value="32-bit"/>
    <property name="line.separator" value="&#10;"/>
    <property name="java.vm.specification.vendor" value="Oracle Corporation"/>
    <property name="java.specification.name" value="Java Platform API Specification"/>
    <property name="java.awt.graphicsenv" value="sun.awt.Win32GraphicsEnvironment"/>
    <property name="surefire.real.class.path" value="C:\Users\louis\AppData\Local\Temp\surefire10005800880429404944\surefirebooter11411155167858024052.jar"/>
    <property name="user.script" value=""/>
    <property name="sun.management.compiler" value="HotSpot 64-Bit Tiered Compilers"/>
    <property name="java.runtime.version" value="12.0.2+10"/>
    <property name="user.name" value="Louis"/>
    <property name="path.separator" value=";"/>
    <property name="os.version" value="10.0"/>
    <property name="java.runtime.name" value="Java(TM) SE Runtime Environment"/>
    <property name="file.encoding" value="Cp1252"/>
    <property name="java.vm.name" value="Java HotSpot(TM) 64-Bit Server VM"/>
    <property name="localRepository" value="C:\Users\louis\.m2\repository"/>
    <property name="java.vendor.url.bug" value="https://bugreport.java.com/bugreport/"/>
    <property name="java.io.tmpdir" value="C:\Users\louis\AppData\Local\Temp\"/>
    <property name="java.version" value="12.0.2"/>
    <property name="user.dir" value="D:\Documents\Course Notes\Software Design Methods\homework4\homework4"/>
    <property name="os.arch" value="amd64"/>
    <property name="java.vm.specification.name" value="Java Virtual Machine Specification"/>
    <property name="sun.os.patch.level" value=""/>
    <property name="java.library.path" value="D:\Program files\JavaDK\bin;C:\WINDOWS\Sun\Java\bin;C:\WINDOWS\system32;C:\WINDOWS;C:\Users\louis\bin;D:\Program files\Git\mingw64\bin;D:\Program files\Git\usr\local\bin;D:\Program files\Git\usr\bin;D:\Program files\Git\usr\bin;D:\Program files\Git\mingw64\bin;D:\Program files\Git\usr\bin;C:\Users\louis\bin;C:\Program Files (x86)\Intel\Intel(R) Management Engine Components\iCLS;C:\Program Files\Intel\Intel(R) Management Engine Components\iCLS;C:\Windows\system32;C:\Windows;C:\Windows\System32\Wbem;C:\Windows\System32\WindowsPowerShell\v1.0;C:\Program Files (x86)\Intel\Intel(R) Management Engine Components\DAL;C:\Program Files\Intel\Intel(R) Management Engine Components\DAL;C:\Program Files (x86)\Intel\Intel(R) Management Engine Components\IPT;C:\Program Files\Intel\Intel(R) Management Engine Components\IPT;C:\Program Files (x86)\NVIDIA Corporation\PhysX\Common;C:\WINDOWS\system32;C:\WINDOWS;C:\WINDOWS\System32\Wbem;C:\WINDOWS\System32\WindowsPowerShell\v1.0;C:\WINDOWS\System32\OpenSSH;D:\Program files\Git\cmd;C:\Users\louis\AppData\Local\Microsoft\WindowsApps;D:\Program files\JavaDK\bin;D:\Program files\IntelliJ IDEA\IntelliJ IDEA Community Edition 2019.2.2\bin;D:\Program files\apache-maven-3.6.2\bin;D:\Program files\Git\usr\bin\vendor_perl;D:\Program files\Git\usr\bin\core_perl;."/>
    <property name="java.vm.info" value="mixed mode, sharing"/>
    <property name="java.vendor" value="Oracle Corporation"/>
    <property name="java.vm.version" value="12.0.2+10"/>
    <property name="sun.io.unicode.encoding" value="UnicodeLittle"/>
    <property name="java.class.version" value="56.0"/>
  </properties>
  <testcase name="testPrettyPrintDecoration" classname="edu.postech.csed332.homework4.ExpRandomTest" time="0.16">
    <failure message="Property named &apos;testPrettyPrintDecoration&apos; failed (expected:&lt;0.0&gt; but was:&lt;-93.74471479522518&gt;):&#10;With arguments: [x2 ^ x2 + 73.27049706018295 ^ x3 + x1 - 95.74471479522518 + x1 ^ x2 * -95.90250103017097 * x2 ^ 7.721181584012754, [0.0, 0.0, 0.0, 0.0, 0.0, 0.0, 0.0, 0.0, 0.0, 0.0]]&#10;Original failure message: expected:&lt;3.47123388533349E26&gt; but was:&lt;-87.42740132969153&gt;&#10;First arguments found to also provoke a failure: [x2 ^ x2 + 73.27049706018295 ^ x3 + x1 - 95.74471479522518 + x1 ^ x2 * -95.90250103017097 * x2 ^ 7.721181584012754, [0.01610271860438317, 0.32503345652784077, 0.47265556216875004, 0.013137733920412509, 0.9913279736321433, 0.5021925830173877, 0.24938425334683323, 0.7158704453528318, 0.2010234088740589, 0.9662243296523897]]&#10;Seeds for reproduction: [2812879778256323750, -1856635510677099193]" type="java.lang.AssertionError"><![CDATA[java.lang.AssertionError: 
Property named 'testPrettyPrintDecoration' failed (expected:<0.0> but was:<-93.74471479522518>):
With arguments: [x2 ^ x2 + 73.27049706018295 ^ x3 + x1 - 95.74471479522518 + x1 ^ x2 * -95.90250103017097 * x2 ^ 7.721181584012754, [0.0, 0.0, 0.0, 0.0, 0.0, 0.0, 0.0, 0.0, 0.0, 0.0]]
Original failure message: expected:<3.47123388533349E26> but was:<-87.42740132969153>
First arguments found to also provoke a failure: [x2 ^ x2 + 73.27049706018295 ^ x3 + x1 - 95.74471479522518 + x1 ^ x2 * -95.90250103017097 * x2 ^ 7.721181584012754, [0.01610271860438317, 0.32503345652784077, 0.47265556216875004, 0.013137733920412509, 0.9913279736321433, 0.5021925830173877, 0.24938425334683323, 0.7158704453528318, 0.2010234088740589, 0.9662243296523897]]
Seeds for reproduction: [2812879778256323750, -1856635510677099193]
	at edu.postech.csed332.homework4.ExpRandomTest.testPrettyPrintDecoration(ExpRandomTest.java:73)
Caused by: java.lang.AssertionError: expected:<3.47123388533349E26> but was:<-87.42740132969153>
	at edu.postech.csed332.homework4.ExpRandomTest.testPrettyPrintDecoration(ExpRandomTest.java:73)
]]></failure>
  </testcase>
  <testcase name="testDefaultValueDecoration" classname="edu.postech.csed332.homework4.ExpRandomTest" time="0.014">
    <failure message="Property named &apos;testDefaultValueDecoration&apos; failed (expected:&lt;-1328.4530367872662&gt; but was:&lt;-73.53143811629518&gt;)&#10;With arguments: [-45.02978887580882 + x1 - x1 ^ x1 * 29.50164924048636, 1.0]&#10;Seeds for reproduction: [6726639791770022019, -600369399056659954]" type="java.lang.AssertionError"><![CDATA[java.lang.AssertionError: 
Property named 'testDefaultValueDecoration' failed (expected:<-1328.4530367872662> but was:<-73.53143811629518>)
With arguments: [-45.02978887580882 + x1 - x1 ^ x1 * 29.50164924048636, 1.0]
Seeds for reproduction: [6726639791770022019, -600369399056659954]
	at edu.postech.csed332.homework4.ExpRandomTest.testDefaultValueDecoration(ExpRandomTest.java:98)
]]></failure>
  </testcase>
  <testcase name="testToString" classname="edu.postech.csed332.homework4.ExpRandomTest" time="0.168"/>
  <testcase name="testEvaluation" classname="edu.postech.csed332.homework4.ExpRandomTest" time="0.039">
    <failure message="Property named &apos;testEvaluation&apos; failed (expected:&lt;NaN&gt; but was:&lt;Infinity&gt;):&#10;With arguments: [9.255262485387306 ^ 1.4373398594037416 / x8 + 11.820784753046908 * x4 * x1 + -26.449120042184887 * x8 + -73.16671753105548 / 75.6614127333213 + 78.96393171589793 * x7 ^ 8.13454085968572, [0.0, 0.0, 0.0, 0.0, 0.0, 0.0, 0.0, 0.0, 0.0, 0.0]]&#10;Original failure message: expected:&lt;8.174413609437955E15&gt; but was:&lt;116.52326020744542&gt;&#10;First arguments found to also provoke a failure: [9.255262485387306 ^ 1.4373398594037416 / x8 + 11.820784753046908 * x4 * x1 + -26.449120042184887 * x8 + -73.16671753105548 / 75.6614127333213 + 78.96393171589793 * x7 ^ 8.13454085968572, [0.44402029613391014, 0.9681805465996541, 0.5027802027330444, 0.053485611749339745, 0.657015661505091, 0.41570835078285084, 0.9752677708180145, 0.3883336487505292, 0.5014074254235942, 0.9828153469786214]]&#10;Seeds for reproduction: [7161612927519643104, 2364336385514828052]" type="java.lang.AssertionError"><![CDATA[java.lang.AssertionError: 
Property named 'testEvaluation' failed (expected:<NaN> but was:<Infinity>):
With arguments: [9.255262485387306 ^ 1.4373398594037416 / x8 + 11.820784753046908 * x4 * x1 + -26.449120042184887 * x8 + -73.16671753105548 / 75.6614127333213 + 78.96393171589793 * x7 ^ 8.13454085968572, [0.0, 0.0, 0.0, 0.0, 0.0, 0.0, 0.0, 0.0, 0.0, 0.0]]
Original failure message: expected:<8.174413609437955E15> but was:<116.52326020744542>
First arguments found to also provoke a failure: [9.255262485387306 ^ 1.4373398594037416 / x8 + 11.820784753046908 * x4 * x1 + -26.449120042184887 * x8 + -73.16671753105548 / 75.6614127333213 + 78.96393171589793 * x7 ^ 8.13454085968572, [0.44402029613391014, 0.9681805465996541, 0.5027802027330444, 0.053485611749339745, 0.657015661505091, 0.41570835078285084, 0.9752677708180145, 0.3883336487505292, 0.5014074254235942, 0.9828153469786214]]
Seeds for reproduction: [7161612927519643104, 2364336385514828052]
	at edu.postech.csed332.homework4.ExpRandomTest.testEvaluation(ExpRandomTest.java:52)
Caused by: java.lang.AssertionError: expected:<8.174413609437955E15> but was:<116.52326020744542>
	at edu.postech.csed332.homework4.ExpRandomTest.testEvaluation(ExpRandomTest.java:52)
]]></failure>
  </testcase>
</testsuite>