<?xml version="1.0" encoding="UTF-8"?>
<testsuite xmlns:xsi="http://www.w3.org/2001/XMLSchema-instance" xsi:noNamespaceSchemaLocation="https://maven.apache.org/surefire/maven-surefire-plugin/xsd/surefire-test-report.xsd" name="edu.postech.csed332.homework4.ExpRandomTest" time="0.572" tests="4" errors="0" skipped="0" failures="3">
  <properties>
    <property name="sun.desktop" value="windows"/>
    <property name="awt.toolkit" value="sun.awt.windows.WToolkit"/>
    <property name="java.specification.version" value="12"/>
    <property name="sun.cpu.isalist" value="amd64"/>
    <property name="sun.jnu.encoding" value="Cp1252"/>
    <property name="java.class.path" value="D:\Documents\Course Notes\Software Design Methods\homework4\homework4\target\test-classes;D:\Documents\Course Notes\Software Design Methods\homework4\homework4\target\classes;C:\Users\louis\.m2\repository\org\jetbrains\annotations\17.0.0\annotations-17.0.0.jar;C:\Users\louis\.m2\repository\org\antlr\antlr4-runtime\4.7.2\antlr4-runtime-4.7.2.jar;C:\Users\louis\.m2\repository\org\junit\jupiter\junit-jupiter\5.5.2\junit-jupiter-5.5.2.jar;C:\Users\louis\.m2\repository\org\junit\jupiter\junit-jupiter-api\5.5.2\junit-jupiter-api-5.5.2.jar;C:\Users\louis\.m2\repository\org\opentest4j\opentest4j\1.2.0\opentest4j-1.2.0.jar;C:\Users\louis\.m2\repository\org\junit\platform\junit-platform-commons\1.5.2\junit-platform-commons-1.5.2.jar;C:\Users\louis\.m2\repository\org\junit\jupiter\junit-jupiter-params\5.5.2\junit-jupiter-params-5.5.2.jar;C:\Users\louis\.m2\repository\org\junit\jupiter\junit-jupiter-engine\5.5.2\junit-jupiter-engine-5.5.2.jar;C:\Users\louis\.m2\repository\org\junit\vintage\junit-vintage-engine\5.5.2\junit-vintage-engine-5.5.2.jar;C:\Users\louis\.m2\repository\org\apiguardian\apiguardian-api\1.1.0\apiguardian-api-1.1.0.jar;C:\Users\louis\.m2\repository\org\junit\platform\junit-platform-engine\1.5.2\junit-platform-engine-1.5.2.jar;C:\Users\louis\.m2\repository\junit\junit\4.12\junit-4.12.jar;C:\Users\louis\.m2\repository\com\pholser\junit-quickcheck-core\0.9\junit-quickcheck-core-0.9.jar;C:\Users\louis\.m2\repository\org\hamcrest\hamcrest-core\1.3\hamcrest-core-1.3.jar;C:\Users\louis\.m2\repository\org\javaruntype\javaruntype\1.3\javaruntype-1.3.jar;C:\Users\louis\.m2\repository\org\antlr\antlr-runtime\3.1.2\antlr-runtime-3.1.2.jar;C:\Users\louis\.m2\repository\ognl\ognl\3.1.12\ognl-3.1.12.jar;C:\Users\louis\.m2\repository\org\javassist\javassist\3.20.0-GA\javassist-3.20.0-GA.jar;C:\Users\louis\.m2\repository\ru\vyarus\generics-resolver\2.0.1\generics-resolver-2.0.1.jar;C:\Users\louis\.m2\repository\org\slf4j\slf4j-api\1.7.25\slf4j-api-1.7.25.jar;C:\Users\louis\.m2\repository\com\pholser\junit-quickcheck-generators\0.9\junit-quickcheck-generators-0.9.jar;C:\Users\louis\.m2\repository\com\fathzer\javaluator\3.0.3\javaluator-3.0.3.jar;C:\Users\louis\.m2\repository\org\slf4j\slf4j-simple\1.7.28\slf4j-simple-1.7.28.jar;"/>
    <property name="java.vm.vendor" value="Oracle Corporation"/>
    <property name="sun.arch.data.model" value="64"/>
    <property name="user.variant" value=""/>
    <property name="java.vendor.url" value="https://java.oracle.com/"/>
    <property name="user.timezone" value="Asia/Seoul"/>
    <property name="os.name" value="Windows 10"/>
    <property name="java.vm.specification.version" value="12"/>
    <property name="sun.java.launcher" value="SUN_STANDARD"/>
    <property name="user.country" value="GB"/>
    <property name="sun.boot.library.path" value="D:\Program files\JavaDK\bin"/>
    <property name="sun.java.command" value="C:\Users\louis\AppData\Local\Temp\surefire14994290552667880726\surefirebooter12738247166889072801.jar C:\Users\louis\AppData\Local\Temp\surefire14994290552667880726 2019-10-18T20-29-11_230-jvmRun1 surefire17410723036213971944tmp surefire_07850838255001598581tmp"/>
    <property name="jdk.debug" value="release"/>
    <property name="surefire.test.class.path" value="D:\Documents\Course Notes\Software Design Methods\homework4\homework4\target\test-classes;D:\Documents\Course Notes\Software Design Methods\homework4\homework4\target\classes;C:\Users\louis\.m2\repository\org\jetbrains\annotations\17.0.0\annotations-17.0.0.jar;C:\Users\louis\.m2\repository\org\antlr\antlr4-runtime\4.7.2\antlr4-runtime-4.7.2.jar;C:\Users\louis\.m2\repository\org\junit\jupiter\junit-jupiter\5.5.2\junit-jupiter-5.5.2.jar;C:\Users\louis\.m2\repository\org\junit\jupiter\junit-jupiter-api\5.5.2\junit-jupiter-api-5.5.2.jar;C:\Users\louis\.m2\repository\org\opentest4j\opentest4j\1.2.0\opentest4j-1.2.0.jar;C:\Users\louis\.m2\repository\org\junit\platform\junit-platform-commons\1.5.2\junit-platform-commons-1.5.2.jar;C:\Users\louis\.m2\repository\org\junit\jupiter\junit-jupiter-params\5.5.2\junit-jupiter-params-5.5.2.jar;C:\Users\louis\.m2\repository\org\junit\jupiter\junit-jupiter-engine\5.5.2\junit-jupiter-engine-5.5.2.jar;C:\Users\louis\.m2\repository\org\junit\vintage\junit-vintage-engine\5.5.2\junit-vintage-engine-5.5.2.jar;C:\Users\louis\.m2\repository\org\apiguardian\apiguardian-api\1.1.0\apiguardian-api-1.1.0.jar;C:\Users\louis\.m2\repository\org\junit\platform\junit-platform-engine\1.5.2\junit-platform-engine-1.5.2.jar;C:\Users\louis\.m2\repository\junit\junit\4.12\junit-4.12.jar;C:\Users\louis\.m2\repository\com\pholser\junit-quickcheck-core\0.9\junit-quickcheck-core-0.9.jar;C:\Users\louis\.m2\repository\org\hamcrest\hamcrest-core\1.3\hamcrest-core-1.3.jar;C:\Users\louis\.m2\repository\org\javaruntype\javaruntype\1.3\javaruntype-1.3.jar;C:\Users\louis\.m2\repository\org\antlr\antlr-runtime\3.1.2\antlr-runtime-3.1.2.jar;C:\Users\louis\.m2\repository\ognl\ognl\3.1.12\ognl-3.1.12.jar;C:\Users\louis\.m2\repository\org\javassist\javassist\3.20.0-GA\javassist-3.20.0-GA.jar;C:\Users\louis\.m2\repository\ru\vyarus\generics-resolver\2.0.1\generics-resolver-2.0.1.jar;C:\Users\louis\.m2\repository\org\slf4j\slf4j-api\1.7.25\slf4j-api-1.7.25.jar;C:\Users\louis\.m2\repository\com\pholser\junit-quickcheck-generators\0.9\junit-quickcheck-generators-0.9.jar;C:\Users\louis\.m2\repository\com\fathzer\javaluator\3.0.3\javaluator-3.0.3.jar;C:\Users\louis\.m2\repository\org\slf4j\slf4j-simple\1.7.28\slf4j-simple-1.7.28.jar;"/>
    <property name="sun.cpu.endian" value="little"/>
    <property name="user.home" value="C:\Users\louis"/>
    <property name="user.language" value="en"/>
    <property name="java.specification.vendor" value="Oracle Corporation"/>
    <property name="java.version.date" value="2019-07-16"/>
    <property name="java.home" value="D:\Program files\JavaDK"/>
    <property name="file.separator" value="\"/>
    <property name="basedir" value="D:\Documents\Course Notes\Software Design Methods\homework4\homework4"/>
    <property name="java.vm.compressedOopsMode" value="32-bit"/>
    <property name="line.separator" value="&#10;"/>
    <property name="java.vm.specification.vendor" value="Oracle Corporation"/>
    <property name="java.specification.name" value="Java Platform API Specification"/>
    <property name="java.awt.graphicsenv" value="sun.awt.Win32GraphicsEnvironment"/>
    <property name="surefire.real.class.path" value="C:\Users\louis\AppData\Local\Temp\surefire14994290552667880726\surefirebooter12738247166889072801.jar"/>
    <property name="user.script" value=""/>
    <property name="sun.management.compiler" value="HotSpot 64-Bit Tiered Compilers"/>
    <property name="java.runtime.version" value="12.0.2+10"/>
    <property name="user.name" value="Louis"/>
    <property name="path.separator" value=";"/>
    <property name="os.version" value="10.0"/>
    <property name="java.runtime.name" value="Java(TM) SE Runtime Environment"/>
    <property name="file.encoding" value="Cp1252"/>
    <property name="java.vm.name" value="Java HotSpot(TM) 64-Bit Server VM"/>
    <property name="localRepository" value="C:\Users\louis\.m2\repository"/>
    <property name="java.vendor.url.bug" value="https://bugreport.java.com/bugreport/"/>
    <property name="java.io.tmpdir" value="C:\Users\louis\AppData\Local\Temp\"/>
    <property name="java.version" value="12.0.2"/>
    <property name="user.dir" value="D:\Documents\Course Notes\Software Design Methods\homework4\homework4"/>
    <property name="os.arch" value="amd64"/>
    <property name="java.vm.specification.name" value="Java Virtual Machine Specification"/>
    <property name="sun.os.patch.level" value=""/>
    <property name="java.library.path" value="D:\Program files\JavaDK\bin;C:\WINDOWS\Sun\Java\bin;C:\WINDOWS\system32;C:\WINDOWS;C:\Users\louis\bin;D:\Program files\Git\mingw64\bin;D:\Program files\Git\usr\local\bin;D:\Program files\Git\usr\bin;D:\Program files\Git\usr\bin;D:\Program files\Git\mingw64\bin;D:\Program files\Git\usr\bin;C:\Users\louis\bin;C:\Program Files (x86)\Intel\Intel(R) Management Engine Components\iCLS;C:\Program Files\Intel\Intel(R) Management Engine Components\iCLS;C:\Windows\system32;C:\Windows;C:\Windows\System32\Wbem;C:\Windows\System32\WindowsPowerShell\v1.0;C:\Program Files (x86)\Intel\Intel(R) Management Engine Components\DAL;C:\Program Files\Intel\Intel(R) Management Engine Components\DAL;C:\Program Files (x86)\Intel\Intel(R) Management Engine Components\IPT;C:\Program Files\Intel\Intel(R) Management Engine Components\IPT;C:\Program Files (x86)\NVIDIA Corporation\PhysX\Common;C:\WINDOWS\system32;C:\WINDOWS;C:\WINDOWS\System32\Wbem;C:\WINDOWS\System32\WindowsPowerShell\v1.0;C:\WINDOWS\System32\OpenSSH;D:\Program files\Git\cmd;C:\Users\louis\AppData\Local\Microsoft\WindowsApps;D:\Program files\JavaDK\bin;D:\Program files\IntelliJ IDEA\IntelliJ IDEA Community Edition 2019.2.2\bin;D:\Program files\apache-maven-3.6.2\bin;D:\Program files\Git\usr\bin\vendor_perl;D:\Program files\Git\usr\bin\core_perl;."/>
    <property name="java.vm.info" value="mixed mode, sharing"/>
    <property name="java.vendor" value="Oracle Corporation"/>
    <property name="java.vm.version" value="12.0.2+10"/>
    <property name="sun.io.unicode.encoding" value="UnicodeLittle"/>
    <property name="java.class.version" value="56.0"/>
  </properties>
  <testcase name="testPrettyPrintDecoration" classname="edu.postech.csed332.homework4.ExpRandomTest" time="0.25">
    <failure message="Property named &apos;testPrettyPrintDecoration&apos; failed (expected:&lt;1.0&gt; but was:&lt;74.3994294465343&gt;):&#10;With arguments: [x1 - x3 - 4.622007329983788 * -59.43013676292392 / -26.505632140673697 - -81.82152945495586 + 3.941226785005796 - 9.769889391861625 * x1 - -12.669117602957641 ^ x3 ^ 6.4227260095972385, [0.0, 0.0, 0.0, 0.0, 0.0, 0.0, 0.0, 0.0, 0.0, 0.0]]&#10;Original failure message: expected:&lt;1.5255494151720976E10&gt; but was:&lt;NaN&gt;&#10;First arguments found to also provoke a failure: [x1 - x3 - 4.622007329983788 * -59.43013676292392 / -26.505632140673697 - -81.82152945495586 + 3.941226785005796 - 9.769889391861625 * x1 - -12.669117602957641 ^ x3 ^ 6.4227260095972385, [0.573566718348503, 0.049449583482856, 0.8326524485155139, 0.03135390151623341, 0.27869287436914136, 0.6377398901113197, 0.8797369128081196, 0.009762838366985327, 0.9442385779766086, 0.7255691756940537]]&#10;Seeds for reproduction: [6103317021525891256, 2998625219192248018]" type="java.lang.AssertionError"><![CDATA[java.lang.AssertionError: 
Property named 'testPrettyPrintDecoration' failed (expected:<1.0> but was:<74.3994294465343>):
With arguments: [x1 - x3 - 4.622007329983788 * -59.43013676292392 / -26.505632140673697 - -81.82152945495586 + 3.941226785005796 - 9.769889391861625 * x1 - -12.669117602957641 ^ x3 ^ 6.4227260095972385, [0.0, 0.0, 0.0, 0.0, 0.0, 0.0, 0.0, 0.0, 0.0, 0.0]]
Original failure message: expected:<1.5255494151720976E10> but was:<NaN>
First arguments found to also provoke a failure: [x1 - x3 - 4.622007329983788 * -59.43013676292392 / -26.505632140673697 - -81.82152945495586 + 3.941226785005796 - 9.769889391861625 * x1 - -12.669117602957641 ^ x3 ^ 6.4227260095972385, [0.573566718348503, 0.049449583482856, 0.8326524485155139, 0.03135390151623341, 0.27869287436914136, 0.6377398901113197, 0.8797369128081196, 0.009762838366985327, 0.9442385779766086, 0.7255691756940537]]
Seeds for reproduction: [6103317021525891256, 2998625219192248018]
	at edu.postech.csed332.homework4.ExpRandomTest.testPrettyPrintDecoration(ExpRandomTest.java:73)
Caused by: java.lang.AssertionError: expected:<1.5255494151720976E10> but was:<NaN>
	at edu.postech.csed332.homework4.ExpRandomTest.testPrettyPrintDecoration(ExpRandomTest.java:73)
]]></failure>
  </testcase>
  <testcase name="testDefaultValueDecoration" classname="edu.postech.csed332.homework4.ExpRandomTest" time="0.022">
    <failure message="Property named &apos;testDefaultValueDecoration&apos; failed (expected:&lt;1.9420749891331846E22&gt; but was:&lt;-934.4707866641209&gt;)&#10;With arguments: [x2 * -66.12341825231863 - x3 + x1 + 39.5000081288527 + -14.988672466715684 * 60.50218113408167 - x1 ^ 7.073344849737983, 1.0]&#10;Seeds for reproduction: [8934938871964430069, -6390108012602857814]" type="java.lang.AssertionError"><![CDATA[java.lang.AssertionError: 
Property named 'testDefaultValueDecoration' failed (expected:<1.9420749891331846E22> but was:<-934.4707866641209>)
With arguments: [x2 * -66.12341825231863 - x3 + x1 + 39.5000081288527 + -14.988672466715684 * 60.50218113408167 - x1 ^ 7.073344849737983, 1.0]
Seeds for reproduction: [8934938871964430069, -6390108012602857814]
	at edu.postech.csed332.homework4.ExpRandomTest.testDefaultValueDecoration(ExpRandomTest.java:98)
]]></failure>
  </testcase>
  <testcase name="testToString" classname="edu.postech.csed332.homework4.ExpRandomTest" time="0.212"/>
  <testcase name="testEvaluation" classname="edu.postech.csed332.homework4.ExpRandomTest" time="0.076">
    <failure message="Property named &apos;testEvaluation&apos; failed (expected:&lt;-1036.4214724812127&gt; but was:&lt;34836.16385589496&gt;):&#10;With arguments: [49.89505963196649 / 54.79939135262012 * -49.30276229349661 - -75.39706946692664 ^ 1.6671984554489003 + 90.06705561169386 - 64.36252620462744 ^ 3.578442810387142 / -88.46422494246065 - 79.15208480736453, [0.0, 0.0, 0.0, 0.0, 0.0, 0.0, 0.0, 0.0, 0.0, 0.0]]&#10;Original failure message: expected:&lt;-1036.4214724812127&gt; but was:&lt;34836.16385589496&gt;&#10;First arguments found to also provoke a failure: [49.89505963196649 / 54.79939135262012 * -49.30276229349661 - -75.39706946692664 ^ 1.6671984554489003 + 90.06705561169386 - 64.36252620462744 ^ 3.578442810387142 / -88.46422494246065 - 79.15208480736453, [0.2243851936128759, 0.13617150955393498, 0.6427854921780313, 0.3547675916695052, 0.945036093761356, 0.5696909053493634, 0.0459687218964574, 0.6039349131339175, 0.7360462348639535, 0.00441674109580803]]&#10;Seeds for reproduction: [-9201408396574161746, 3295072762370183686]" type="java.lang.AssertionError"><![CDATA[java.lang.AssertionError: 
Property named 'testEvaluation' failed (expected:<-1036.4214724812127> but was:<34836.16385589496>):
With arguments: [49.89505963196649 / 54.79939135262012 * -49.30276229349661 - -75.39706946692664 ^ 1.6671984554489003 + 90.06705561169386 - 64.36252620462744 ^ 3.578442810387142 / -88.46422494246065 - 79.15208480736453, [0.0, 0.0, 0.0, 0.0, 0.0, 0.0, 0.0, 0.0, 0.0, 0.0]]
Original failure message: expected:<-1036.4214724812127> but was:<34836.16385589496>
First arguments found to also provoke a failure: [49.89505963196649 / 54.79939135262012 * -49.30276229349661 - -75.39706946692664 ^ 1.6671984554489003 + 90.06705561169386 - 64.36252620462744 ^ 3.578442810387142 / -88.46422494246065 - 79.15208480736453, [0.2243851936128759, 0.13617150955393498, 0.6427854921780313, 0.3547675916695052, 0.945036093761356, 0.5696909053493634, 0.0459687218964574, 0.6039349131339175, 0.7360462348639535, 0.00441674109580803]]
Seeds for reproduction: [-9201408396574161746, 3295072762370183686]
	at edu.postech.csed332.homework4.ExpRandomTest.testEvaluation(ExpRandomTest.java:52)
Caused by: java.lang.AssertionError: expected:<-1036.4214724812127> but was:<34836.16385589496>
	at edu.postech.csed332.homework4.ExpRandomTest.testEvaluation(ExpRandomTest.java:52)
]]></failure>
  </testcase>
</testsuite>